Flutter crash report.
Please report a bug at https://github.com/flutter/flutter/issues.

## command

flutter run

## exception

SocketException: SocketException: Connection refused (OS Error: Connection refused, errno = 111), address = localhost, port = 54854

```
#0      _NativeSocket.startConnect (dart:io-patch/socket_patch.dart:721:35)
#1      _RawSocket.startConnect (dart:io-patch/socket_patch.dart:1920:26)
#2      RawSocket.startConnect (dart:io-patch/socket_patch.dart:27:23)
#3      Socket._startConnect (dart:io-patch/socket_patch.dart:2144:22)
#4      Socket.startConnect (dart:io/socket.dart:825:21)
#5      _ConnectionTarget.connect (dart:_http/http_impl.dart:2491:20)
#6      _HttpClient._getConnection.connect (dart:_http/http_impl.dart:2930:12)
#7      _HttpClient._getConnection (dart:_http/http_impl.dart:2935:12)
#8      _HttpClient._openUrl (dart:_http/http_impl.dart:2790:12)
#9      _HttpClient.getUrl (dart:_http/http_impl.dart:2632:48)
#10     ChromeConnection.getUrl (package:webkit_inspection_protocol/webkit_inspection_protocol.dart:108:33)
#11     ChromeConnection.getTabs (package:webkit_inspection_protocol/webkit_inspection_protocol.dart:53:26)
#12     ChromeConnection.getTab (package:webkit_inspection_protocol/webkit_inspection_protocol.dart:90:31)
<asynchronous suspension>
#13     Chromium.close (package:flutter_tools/src/web/chrome.dart:510:30)
<asynchronous suspension>
#14     ChromiumDevice.stopApp (package:flutter_tools/src/web/web_device.dart:164:5)
<asynchronous suspension>
#15     ResidentWebRunner._cleanup (package:flutter_tools/src/isolated/resident_web_runner.dart:203:5)
<asynchronous suspension>
#16     ResidentWebRunner.cleanupAfterSignal (package:flutter_tools/src/isolated/resident_web_runner.dart:186:5)
<asynchronous suspension>
#17     TerminalHandler._cleanUp (package:flutter_tools/src/resident_runner.dart:1872:5)
<asynchronous suspension>
#18     TerminalHandler.processTerminalInput (package:flutter_tools/src/resident_runner.dart:1843:7)
<asynchronous suspension>
```

## flutter doctor

```
[32m[✓][39m Flutter (Channel stable, 3.24.0, on Linux Mint 21.3 6.5.0-45-generic, locale en_US.UTF-8)
    [32m•[39m Flutter version 3.24.0 on channel stable at /home/ale/Development/flutter
    [32m•[39m Upstream repository https://github.com/flutter/flutter.git
    [32m•[39m Framework revision 80c2e84975 (2 weeks ago), 2024-07-30 23:06:49 +0700
    [32m•[39m Engine revision b8800d88be
    [32m•[39m Dart version 3.5.0
    [32m•[39m DevTools version 2.37.2

[32m[✓][39m Android toolchain - develop for Android devices (Android SDK version 34.0.0)
    [32m•[39m Android SDK at /home/ale/Android/Sdk
    [32m•[39m Platform android-34, build-tools 34.0.0
    [32m•[39m ANDROID_HOME = /home/ale/Android/Sdk
    [32m•[39m Java binary at: /home/ale/Development/android-studio/jbr/bin/java
    [32m•[39m Java version OpenJDK Runtime Environment (build 17.0.9+0-17.0.9b1087.7-11185874)
    [32m•[39m All Android licenses accepted.

[32m[✓][39m Chrome - develop for the web
    [32m•[39m Chrome at google-chrome

[31m[✗][39m Linux toolchain - develop for Linux desktop
    [31m✗[39m clang++ is required for Linux development.
      It is likely available from your distribution (e.g.: apt install clang), or can be downloaded from
      https://releases.llvm.org/
    [31m✗[39m CMake is required for Linux development.
      It is likely available from your distribution (e.g.: apt install cmake), or can be downloaded from
      https://cmake.org/download/
    [32m•[39m ninja version 1.10.1
    [32m•[39m pkg-config version 0.29.2
    [31m✗[39m GTK 3.0 development libraries are required for Linux development.
      They are likely available from your distribution (e.g.: apt install libgtk-3-dev)

[32m[✓][39m Android Studio (version 2023.2)
    [32m•[39m Android Studio at /home/ale/Development/android-studio
    [32m•[39m Flutter plugin can be installed from:
      🔨 https://plugins.jetbrains.com/plugin/9212-flutter
    [32m•[39m Dart plugin can be installed from:
      🔨 https://plugins.jetbrains.com/plugin/6351-dart
    [32m•[39m Java version OpenJDK Runtime Environment (build 17.0.9+0-17.0.9b1087.7-11185874)

[32m[✓][39m VS Code (version 1.92.1)
    [32m•[39m VS Code at /usr/share/code
    [32m•[39m Flutter extension version 3.94.0

[32m[✓][39m Connected device (2 available)
    [32m•[39m Linux (desktop) • linux  • linux-x64      • Linux Mint 21.3 6.5.0-45-generic
    [32m•[39m Chrome (web)    • chrome • web-javascript • Google Chrome 127.0.6533.99

[32m[✓][39m Network resources
    [32m•[39m All expected network resources are available.

[33m![39m Doctor found issues in 1 category.
```
